execve("./hello-debug", ["hello-debug"], [/* 47 vars */]) = 0
brk(0)                                  = 0x10ab000
mmap(NULL, 4096, PROT_READ|PROT_WRITE, MAP_PRIVATE|MAP_ANONYMOUS, -1, 0) = 0x7f2af9145000
access("/etc/ld.so.preload", R_OK)      = -1 ENOENT (No such file or directory)
open("/afs/nd.edu/user14/csesoft/new/lib/tls/x86_64/libc.so.6", O_RDONLY) = -1 ENOENT (No such file or directory)
stat("/afs/nd.edu/user14/csesoft/new/lib/tls/x86_64", 0x7fffbd989d20) = -1 ENOENT (No such file or directory)
open("/afs/nd.edu/user14/csesoft/new/lib/tls/libc.so.6", O_RDONLY) = -1 ENOENT (No such file or directory)
stat("/afs/nd.edu/user14/csesoft/new/lib/tls", 0x7fffbd989d20) = -1 ENOENT (No such file or directory)
open("/afs/nd.edu/user14/csesoft/new/lib/x86_64/libc.so.6", O_RDONLY) = -1 ENOENT (No such file or directory)
stat("/afs/nd.edu/user14/csesoft/new/lib/x86_64", 0x7fffbd989d20) = -1 ENOENT (No such file or directory)
open("/afs/nd.edu/user14/csesoft/new/lib/libc.so.6", O_RDONLY) = -1 ENOENT (No such file or directory)
stat("/afs/nd.edu/user14/csesoft/new/lib", {st_mode=S_IFDIR|0755, st_size=6144, ...}) = 0
open("/opt/und/local/lib/tls/x86_64/libc.so.6", O_RDONLY) = -1 ENOENT (No such file or directory)
stat("/opt/und/local/lib/tls/x86_64", 0x7fffbd989d20) = -1 ENOENT (No such file or directory)
open("/opt/und/local/lib/tls/libc.so.6", O_RDONLY) = -1 ENOENT (No such file or directory)
stat("/opt/und/local/lib/tls", 0x7fffbd989d20) = -1 ENOENT (No such file or directory)
open("/opt/und/local/lib/x86_64/libc.so.6", O_RDONLY) = -1 ENOENT (No such file or directory)
stat("/opt/und/local/lib/x86_64", 0x7fffbd989d20) = -1 ENOENT (No such file or directory)
open("/opt/und/local/lib/libc.so.6", O_RDONLY) = -1 ENOENT (No such file or directory)
stat("/opt/und/local/lib", {st_mode=S_IFDIR|0755, st_size=4096, ...}) = 0
open("/opt/und/intel/x86_64/fc/10.0.023/lib/tls/x86_64/libc.so.6", O_RDONLY) = -1 ENOENT (No such file or directory)
stat("/opt/und/intel/x86_64/fc/10.0.023/lib/tls/x86_64", 0x7fffbd989d20) = -1 ENOENT (No such file or directory)
open("/opt/und/intel/x86_64/fc/10.0.023/lib/tls/libc.so.6", O_RDONLY) = -1 ENOENT (No such file or directory)
stat("/opt/und/intel/x86_64/fc/10.0.023/lib/tls", 0x7fffbd989d20) = -1 ENOENT (No such file or directory)
open("/opt/und/intel/x86_64/fc/10.0.023/lib/x86_64/libc.so.6", O_RDONLY) = -1 ENOENT (No such file or directory)
stat("/opt/und/intel/x86_64/fc/10.0.023/lib/x86_64", 0x7fffbd989d20) = -1 ENOENT (No such file or directory)
open("/opt/und/intel/x86_64/fc/10.0.023/lib/libc.so.6", O_RDONLY) = -1 ENOENT (No such file or directory)
stat("/opt/und/intel/x86_64/fc/10.0.023/lib", {st_mode=S_IFDIR|0755, st_size=2048, ...}) = 0
open("/opt/und/intel/x86_64/cc/10.0.023/lib/tls/x86_64/libc.so.6", O_RDONLY) = -1 ENOENT (No such file or directory)
stat("/opt/und/intel/x86_64/cc/10.0.023/lib/tls/x86_64", 0x7fffbd989d20) = -1 ENOENT (No such file or directory)
open("/opt/und/intel/x86_64/cc/10.0.023/lib/tls/libc.so.6", O_RDONLY) = -1 ENOENT (No such file or directory)
stat("/opt/und/intel/x86_64/cc/10.0.023/lib/tls", 0x7fffbd989d20) = -1 ENOENT (No such file or directory)
open("/opt/und/intel/x86_64/cc/10.0.023/lib/x86_64/libc.so.6", O_RDONLY) = -1 ENOENT (No such file or directory)
stat("/opt/und/intel/x86_64/cc/10.0.023/lib/x86_64", 0x7fffbd989d20) = -1 ENOENT (No such file or directory)
open("/opt/und/intel/x86_64/cc/10.0.023/lib/libc.so.6", O_RDONLY) = -1 ENOENT (No such file or directory)
stat("/opt/und/intel/x86_64/cc/10.0.023/lib", {st_mode=S_IFDIR|0755, st_size=2048, ...}) = 0
open("intel_idb/lib/tls/x86_64/libc.so.6", O_RDONLY) = -1 ENOENT (No such file or directory)
open("intel_idb/lib/tls/libc.so.6", O_RDONLY) = -1 ENOENT (No such file or directory)
open("intel_idb/lib/x86_64/libc.so.6", O_RDONLY) = -1 ENOENT (No such file or directory)
open("intel_idb/lib/libc.so.6", O_RDONLY) = -1 ENOENT (No such file or directory)
open("/opt/und/pgi/8.0/linux86-64/8.0/lib/tls/x86_64/libc.so.6", O_RDONLY) = -1 ENOENT (No such file or directory)
stat("/opt/und/pgi/8.0/linux86-64/8.0/lib/tls/x86_64", 0x7fffbd989d20) = -1 ENOENT (No such file or directory)
open("/opt/und/pgi/8.0/linux86-64/8.0/lib/tls/libc.so.6", O_RDONLY) = -1 ENOENT (No such file or directory)
stat("/opt/und/pgi/8.0/linux86-64/8.0/lib/tls", 0x7fffbd989d20) = -1 ENOENT (No such file or directory)
open("/opt/und/pgi/8.0/linux86-64/8.0/lib/x86_64/libc.so.6", O_RDONLY) = -1 ENOENT (No such file or directory)
stat("/opt/und/pgi/8.0/linux86-64/8.0/lib/x86_64", 0x7fffbd989d20) = -1 ENOENT (No such file or directory)
open("/opt/und/pgi/8.0/linux86-64/8.0/lib/libc.so.6", O_RDONLY) = -1 ENOENT (No such file or directory)
stat("/opt/und/pgi/8.0/linux86-64/8.0/lib", {st_mode=S_IFDIR|0755, st_size=4096, ...}) = 0
open("/afs/nd.edu/i386_linux24/opt/und/matlab/8.3/sys/opengl/lib/glnxa64/tls/x86_64/libc.so.6", O_RDONLY) = -1 ENOENT (No such file or directory)
stat("/afs/nd.edu/i386_linux24/opt/und/matlab/8.3/sys/opengl/lib/glnxa64/tls/x86_64", 0x7fffbd989d20) = -1 ENOENT (No such file or directory)
open("/afs/nd.edu/i386_linux24/opt/und/matlab/8.3/sys/opengl/lib/glnxa64/tls/libc.so.6", O_RDONLY) = -1 ENOENT (No such file or directory)
stat("/afs/nd.edu/i386_linux24/opt/und/matlab/8.3/sys/opengl/lib/glnxa64/tls", 0x7fffbd989d20) = -1 ENOENT (No such file or directory)
open("/afs/nd.edu/i386_linux24/opt/und/matlab/8.3/sys/opengl/lib/glnxa64/x86_64/libc.so.6", O_RDONLY) = -1 ENOENT (No such file or directory)
stat("/afs/nd.edu/i386_linux24/opt/und/matlab/8.3/sys/opengl/lib/glnxa64/x86_64", 0x7fffbd989d20) = -1 ENOENT (No such file or directory)
open("/afs/nd.edu/i386_linux24/opt/und/matlab/8.3/sys/opengl/lib/glnxa64/libc.so.6", O_RDONLY) = -1 ENOENT (No such file or directory)
stat("/afs/nd.edu/i386_linux24/opt/und/matlab/8.3/sys/opengl/lib/glnxa64", {st_mode=S_IFDIR|0755, st_size=2048, ...}) = 0
open("/etc/ld.so.cache", O_RDONLY)      = 3
fstat(3, {st_mode=S_IFREG|0644, st_size=222143, ...}) = 0
mmap(NULL, 222143, PROT_READ, MAP_PRIVATE, 3, 0) = 0x7f2af910e000
close(3)                                = 0
open("/lib64/libc.so.6", O_RDONLY)      = 3
read(3, "\177ELF\2\1\1\3\0\0\0\0\0\0\0\0\3\0>\0\1\0\0\0p\356a\245>\0\0\0"..., 832) = 832
fstat(3, {st_mode=S_IFREG|0755, st_size=1926520, ...}) = 0
mmap(0x3ea5600000, 3750152, PROT_READ|PROT_EXEC, MAP_PRIVATE|MAP_DENYWRITE, 3, 0) = 0x3ea5600000
mprotect(0x3ea578a000, 2097152, PROT_NONE) = 0
mmap(0x3ea598a000, 20480, PROT_READ|PROT_WRITE, MAP_PRIVATE|MAP_FIXED|MAP_DENYWRITE, 3, 0x18a000) = 0x3ea598a000
mmap(0x3ea598f000, 18696, PROT_READ|PROT_WRITE, MAP_PRIVATE|MAP_FIXED|MAP_ANONYMOUS, -1, 0) = 0x3ea598f000
close(3)                                = 0
mmap(NULL, 4096, PROT_READ|PROT_WRITE, MAP_PRIVATE|MAP_ANONYMOUS, -1, 0) = 0x7f2af910d000
mmap(NULL, 4096, PROT_READ|PROT_WRITE, MAP_PRIVATE|MAP_ANONYMOUS, -1, 0) = 0x7f2af910c000
mmap(NULL, 4096, PROT_READ|PROT_WRITE, MAP_PRIVATE|MAP_ANONYMOUS, -1, 0) = 0x7f2af910b000
arch_prctl(ARCH_SET_FS, 0x7f2af910c700) = 0
mprotect(0x3ea598a000, 16384, PROT_READ) = 0
mprotect(0x3ea541f000, 4096, PROT_READ) = 0
munmap(0x7f2af910e000, 222143)          = 0
fstat(1, {st_mode=S_IFCHR|0620, st_rdev=makedev(136, 28), ...}) = 0
mmap(NULL, 4096, PROT_READ|PROT_WRITE, MAP_PRIVATE|MAP_ANONYMOUS, -1, 0) = 0x7f2af9144000
write(1, "Hello, World\n", 13)          = 13
exit_group(13)                          = ?
